<?xml version="1.0" encoding="UTF-8"?>
<!-- Generated by org.testng.reporters.JUnitXMLReporter -->
<testsuite hostname="LAPTOP-G03VETEN" ignored="0" name="Test3" tests="4" failures="1" timestamp="21 May 2021 04:50:01 GMT" time="0.706" errors="0">
  <testcase name="ValidDetailsTest" time="0.002" classname="testCaseCorporateWellnessPage.CorporateWellnessWithValidDetailsTest">
    <skipped/>
  </testcase> <!-- ValidDetailsTest -->
  <testcase name="ValidDetailsTest" time="0.001" classname="testCaseCorporateWellnessPage.CorporateWellnessWithValidDetailsTest">
    <skipped/>
  </testcase> <!-- ValidDetailsTest -->
  <testcase name="ValidDetailsTest" time="0.002" classname="testCaseCorporateWellnessPage.CorporateWellnessWithValidDetailsTest">
    <skipped/>
  </testcase> <!-- ValidDetailsTest -->
  <testcase name="ValidDetailsTest" time="0.001" classname="testCaseCorporateWellnessPage.CorporateWellnessWithValidDetailsTest">
    <failure type="org.openqa.selenium.NoSuchSessionException" message="Session ID is null. Using WebDriver after calling quit()?
Build info: version: &amp;apos;3.141.59&amp;apos;, revision: &amp;apos;e82be7d358&amp;apos;, time: &amp;apos;2018-11-14T08:17:03&amp;apos;
System info: host: &amp;apos;LAPTOP-G03VETEN&amp;apos;, ip: &amp;apos;192.168.1.6&amp;apos;, os.name: &amp;apos;Windows 10&amp;apos;, os.arch: &amp;apos;amd64&amp;apos;, os.version: &amp;apos;10.0&amp;apos;, java.version: &amp;apos;1.8.0_281&amp;apos;
Driver info: driver.version: RemoteWebDriver">
      <![CDATA[org.openqa.selenium.NoSuchSessionException: Session ID is null. Using WebDriver after calling quit()?
Build info: version: '3.141.59', revision: 'e82be7d358', time: '2018-11-14T08:17:03'
System info: host: 'LAPTOP-G03VETEN', ip: '192.168.1.6', os.name: 'Windows 10', os.arch: 'amd64', os.version: '10.0', java.version: '1.8.0_281'
Driver info: driver.version: RemoteWebDriver
at org.openqa.selenium.remote.HttpCommandExecutor.execute(HttpCommandExecutor.java:125)
at org.openqa.selenium.remote.service.DriverCommandExecutor.execute(DriverCommandExecutor.java:83)
at org.openqa.selenium.remote.RemoteWebDriver.execute(RemoteWebDriver.java:552)
at org.openqa.selenium.remote.RemoteWebDriver.findElement(RemoteWebDriver.java:323)
at org.openqa.selenium.remote.RemoteWebDriver.findElementByXPath(RemoteWebDriver.java:428)
at org.openqa.selenium.By$ByXPath.findElement(By.java:353)
at org.openqa.selenium.remote.RemoteWebDriver.findElement(RemoteWebDriver.java:315)
at pages.CorporateWellnessPage.clickForProviders(CorporateWellnessPage.java:20)
at testCaseCorporateWellnessPage.CorporateWellnessWithValidDetailsTest.ValidDetailsTest(CorporateWellnessWithValidDetailsTest.java:27)
... Removed 25 stack frames]]>
    </failure>
  </testcase> <!-- ValidDetailsTest -->
</testsuite> <!-- Test3 -->
